  Simulation.cpp
C:\Users\jktho\OneDrive\Desktop\CG_4\Project1\Simulation.cpp(24,53): warning C4244: 'argument': conversion from 'int' to 'float', possible loss of data
C:\Users\jktho\OneDrive\Desktop\CG_4\Project1\Simulation.cpp(24,45): warning C4244: 'argument': conversion from 'int' to 'float', possible loss of data
C:\Users\jktho\OneDrive\Desktop\CG_4\Project1\Simulation.cpp(24,37): warning C4244: 'argument': conversion from 'int' to 'float', possible loss of data
C:\Users\jktho\OneDrive\Desktop\CG_4\Project1\Simulation.cpp(27,53): warning C4244: 'argument': conversion from 'int' to 'float', possible loss of data
C:\Users\jktho\OneDrive\Desktop\CG_4\Project1\Simulation.cpp(27,45): warning C4244: 'argument': conversion from 'int' to 'float', possible loss of data
C:\Users\jktho\OneDrive\Desktop\CG_4\Project1\Simulation.cpp(27,37): warning C4244: 'argument': conversion from 'int' to 'float', possible loss of data
C:\Users\jktho\OneDrive\Desktop\CG_4\Project1\Simulation.cpp(41,40): warning C4244: 'argument': conversion from 'int' to 'float', possible loss of data
C:\Users\jktho\OneDrive\Desktop\CG_4\Project1\Simulation.cpp(43,43): warning C4244: 'argument': conversion from 'int' to 'float', possible loss of data
C:\Users\jktho\OneDrive\Desktop\CG_4\Project1\Simulation.cpp(17,14): warning C4101: 'z': unreferenced local variable
C:\Users\jktho\OneDrive\Desktop\CG_4\Project1\Simulation.cpp(17,11): warning C4101: 'y': unreferenced local variable
C:\Users\jktho\OneDrive\Desktop\CG_4\Project1\Simulation.cpp(17,8): warning C4101: 'x': unreferenced local variable
C:\Users\jktho\OneDrive\Desktop\CG_4\Project1\Simulation.cpp(94,210): warning C4244: 'argument': conversion from 'double' to 'float', possible loss of data
C:\Users\jktho\OneDrive\Desktop\CG_4\Project1\Simulation.cpp(94,192): warning C4244: 'argument': conversion from 'double' to 'float', possible loss of data
C:\Users\jktho\OneDrive\Desktop\CG_4\Project1\Simulation.cpp(94,174): warning C4244: 'argument': conversion from 'double' to 'float', possible loss of data
C:\Users\jktho\OneDrive\Desktop\CG_4\Project1\Simulation.cpp(130,38): warning C4244: 'argument': conversion from 'double' to 'float', possible loss of data
C:\Users\jktho\OneDrive\Desktop\CG_4\Project1\Simulation.cpp(136,38): warning C4244: 'argument': conversion from 'double' to 'float', possible loss of data
C:\Users\jktho\OneDrive\Desktop\CG_4\Project1\Simulation.cpp(142,38): warning C4244: 'argument': conversion from 'double' to 'float', possible loss of data
C:\Users\jktho\OneDrive\Desktop\CG_4\Project1\Simulation.cpp(167,17): warning C4244: '=': conversion from 'double' to 'float', possible loss of data
C:\Users\jktho\OneDrive\Desktop\CG_4\Project1\Simulation.cpp(170,17): warning C4244: '=': conversion from 'double' to 'float', possible loss of data
  Project1.vcxproj -> C:\Users\jktho\OneDrive\Desktop\CG_4\Project1\x64\Debug\Project1.exe
